/home/rgundaka/miniconda3/envs/rishig/lib/python3.6/site-packages/torch/functional.py:445: UserWarning: torch.meshgrid: in an upcoming release, it will be required to pass the indexing argument. (Triggered internally at  ../aten/src/ATen/native/TensorShape.cpp:2157.)
  return _VF.meshgrid(tensors, **kwargs)  # type: ignore[attr-defined]
loading data
loaded data
Traceback (most recent call last):
  File "/groups/tensorlab/rgundaka/code/PINO/train_operator.py", line 148, in <module>
    train_2d(args, config)
  File "/groups/tensorlab/rgundaka/code/PINO/train_operator.py", line 130, in train_2d
    tol=config['train']['cg_tolerance'], lr_max=config['train']['lr_max'], lr_min=config['train']['lr_min'])
KeyError: 'cg_tolerance'
srun: error: hpc-25-15: task 0: Exited with exit code 1
/home/rgundaka/miniconda3/envs/rishig/lib/python3.6/site-packages/torch/functional.py:445: UserWarning: torch.meshgrid: in an upcoming release, it will be required to pass the indexing argument. (Triggered internally at  ../aten/src/ATen/native/TensorShape.cpp:2157.)
  return _VF.meshgrid(tensors, **kwargs)  # type: ignore[attr-defined]
loading data
loaded data
Traceback (most recent call last):
  File "/groups/tensorlab/rgundaka/code/PINO/train_operator.py", line 148, in <module>
    train_2d(args, config)
  File "/groups/tensorlab/rgundaka/code/PINO/train_operator.py", line 130, in train_2d
    tol=config['train']['cg_tolerance'], lr_max=config['train']['lr_max'], lr_min=config['train']['lr_min'])
KeyError: 'cg_tolerance'
srun: error: hpc-25-17: task 0: Exited with exit code 1
/home/rgundaka/miniconda3/envs/rishig/lib/python3.6/site-packages/torch/functional.py:445: UserWarning: torch.meshgrid: in an upcoming release, it will be required to pass the indexing argument. (Triggered internally at  ../aten/src/ATen/native/TensorShape.cpp:2157.)
  return _VF.meshgrid(tensors, **kwargs)  # type: ignore[attr-defined]
0
Traceback (most recent call last):
  File "/groups/tensorlab/rgundaka/code/PINO/eval_operator.py", line 80, in <module>
    test_2d(config, args)
  File "/groups/tensorlab/rgundaka/code/PINO/eval_operator.py", line 64, in test_2d
    ckpt = torch.load(ckpt_path)
  File "/home/rgundaka/miniconda3/envs/rishig/lib/python3.6/site-packages/torch/serialization.py", line 594, in load
    with _open_file_like(f, 'rb') as opened_file:
  File "/home/rgundaka/miniconda3/envs/rishig/lib/python3.6/site-packages/torch/serialization.py", line 230, in _open_file_like
    return _open_file(name_or_buffer, mode)
  File "/home/rgundaka/miniconda3/envs/rishig/lib/python3.6/site-packages/torch/serialization.py", line 211, in __init__
    super(_open_file, self).__init__(open(name, mode))
FileNotFoundError: [Errno 2] No such file or directory: '/groups/tensorlab/rgundaka/code/PINO/CPINO/experiments/Darcy_cpino_input/checkpoints/darcy-cpino-0.pt'
srun: error: hpc-25-17: task 0: Exited with exit code 1
/home/rgundaka/miniconda3/envs/rishig/lib/python3.6/site-packages/torch/functional.py:445: UserWarning: torch.meshgrid: in an upcoming release, it will be required to pass the indexing argument. (Triggered internally at  ../aten/src/ATen/native/TensorShape.cpp:2157.)
  return _VF.meshgrid(tensors, **kwargs)  # type: ignore[attr-defined]
0
Traceback (most recent call last):
  File "/groups/tensorlab/rgundaka/code/PINO/eval_operator.py", line 80, in <module>
    test_2d(config, args)
  File "/groups/tensorlab/rgundaka/code/PINO/eval_operator.py", line 64, in test_2d
    ckpt = torch.load(ckpt_path)
  File "/home/rgundaka/miniconda3/envs/rishig/lib/python3.6/site-packages/torch/serialization.py", line 594, in load
    with _open_file_like(f, 'rb') as opened_file:
  File "/home/rgundaka/miniconda3/envs/rishig/lib/python3.6/site-packages/torch/serialization.py", line 230, in _open_file_like
    return _open_file(name_or_buffer, mode)
  File "/home/rgundaka/miniconda3/envs/rishig/lib/python3.6/site-packages/torch/serialization.py", line 211, in __init__
    super(_open_file, self).__init__(open(name, mode))
FileNotFoundError: [Errno 2] No such file or directory: '/groups/tensorlab/rgundaka/code/PINO/CPINO/experiments/Darcy_cpino_input/checkpoints/darcy-cpino-1.pt'
srun: error: hpc-25-15: task 0: Exited with exit code 1
